#
# There is insufficient memory for the Java Runtime Environment to continue.
# Native memory allocation (mmap) failed to map 132120576 bytes for G1 virtual space
# Possible reasons:
#   The system is out of physical RAM or swap space
#   The process is running with CompressedOops enabled, and the Java Heap may be blocking the growth of the native heap
# Possible solutions:
#   Reduce memory load on the system
#   Increase physical memory or swap space
#   Check if swap backing store is full
#   Decrease Java heap size (-Xmx/-Xms)
#   Decrease number of Java threads
#   Decrease Java thread stack sizes (-Xss)
#   Set larger code cache with -XX:ReservedCodeCacheSize=
#   JVM is running with Unscaled Compressed Oops mode in which the Java heap is
#     placed in the first 4GB address space. The Java Heap base address is the
#     maximum limit for the native heap growth. Please use -XX:HeapBaseMinAddress
#     to set the Java Heap base and to place the Java Heap above 4GB virtual address.
# This output file may be truncated or incomplete.
#
#  Out of Memory Error (os_windows.cpp:3600), pid=5844, tid=3456
#
# JRE version:  (21.0.1+12) (build )
# Java VM: Java HotSpot(TM) 64-Bit Server VM (21.0.1+12-LTS-29, mixed mode, sharing, tiered, compressed oops, compressed class ptrs, g1 gc, windows-amd64)
# No core dump will be written. Minidumps are not enabled by default on client versions of Windows
#

---------------  S U M M A R Y ------------

Command Line: CK1.view

Host: Intel(R) Core(TM) i5-7200U CPU @ 2.50GHz, 4 cores, 7G,  Windows 10 , 64 bit Build 17763 (10.0.17763.4974)
Time: Thu Dec 14 23:41:34 2023 SE Asia Standard Time elapsed time: 0.013209 seconds (0d 0h 0m 0s)

---------------  T H R E A D  ---------------

Current thread (0x0000018e0eae35c0):  JavaThread "Unknown thread" [_thread_in_vm, id=3456, stack(0x0000008d96a00000,0x0000008d96b00000) (1024K)]

Stack: [0x0000008d96a00000,0x0000008d96b00000]
Native frames: (J=compiled Java code, j=interpreted, Vv=VM code, C=native code)
V  [jvm.dll+0x6c9029]
V  [jvm.dll+0x854b81]
V  [jvm.dll+0x856e5e]
V  [jvm.dll+0x857543]
V  [jvm.dll+0x280c06]
V  [jvm.dll+0x6c5715]
V  [jvm.dll+0x6ba10a]
V  [jvm.dll+0x3557ea]
V  [jvm.dll+0x35d436]
V  [jvm.dll+0x3ae1be]
V  [jvm.dll+0x3ae468]
V  [jvm.dll+0x3291fc]
V  [jvm.dll+0x329d8b]
V  [jvm.dll+0x81d179]
V  [jvm.dll+0x3bb4f1]
V  [jvm.dll+0x805ae8]
V  [jvm.dll+0x44effe]
V  [jvm.dll+0x450901]
C  [jli.dll+0x52a3]
C  [ucrtbase.dll+0x2268a]
C  [KERNEL32.DLL+0x17ac4]
C  [ntdll.dll+0x5a4e1]


---------------  P R O C E S S  ---------------

Threads class SMR info:
_java_thread_list=0x00007ffdfe079b88, length=0, elements={
}

Java Threads: ( => current thread )
Total: 0

Other Threads:
  0x0000018e0eb349f0 WorkerThread "GC Thread#0"                     [id=6536, stack(0x0000008d96b00000,0x0000008d96c00000) (1024K)]
  0x0000018e0eb46010 ConcurrentGCThread "G1 Main Marker"            [id=6308, stack(0x0000008d96c00000,0x0000008d96d00000) (1024K)]
  0x0000018e0eb476d0 WorkerThread "G1 Conc#0"                       [id=2472, stack(0x0000008d96d00000,0x0000008d96e00000) (1024K)]

[error occurred during error reporting (printing all threads), id 0xc0000005, EXCEPTION_ACCESS_VIOLATION (0xc0000005) at pc=0x00007ffdfd7ec2c7]
VM state: not at safepoint (not fully initialized)

VM Mutex/Monitor currently owned by a thread:  ([mutex/lock_event])
[0x00007ffdfe0ea6f8] Heap_lock - owner thread: 0x0000018e0eae35c0

Heap address: 0x0000000082000000, size: 2016 MB, Compressed Oops mode: 32-bit

CDS archive(s) mapped at: [0x0000000000000000-0x0000000000000000-0x0000000000000000), size 0, SharedBaseAddress: 0x0000000800000000, ArchiveRelocationMode: 1.
Narrow klass base: 0x0000000000000000, Narrow klass shift: 0, Narrow klass range: 0x0

GC Precious Log:
 CardTable entry size: 512
 Card Set container configuration: InlinePtr #cards 5 size 8 Array Of Cards #cards 12 size 40 Howl #buckets 4 coarsen threshold 1843 Howl Bitmap #cards 512 size 80 coarsen threshold 460 Card regions per heap region 1 cards per card region 2048

Heap:
 garbage-first heap   total 0K, used 0K [0x0000000082000000, 0x0000000100000000)
  region size 1024K, 0 young (0K), 0 survivors (0K)

[error occurred during error reporting (printing heap information), id 0xc0000005, EXCEPTION_ACCESS_VIOLATION (0xc0000005) at pc=0x00007ffdfdbd1be9]
GC Heap History (0 events):
No events

Dll operation events (1 events):
Event: 0.006 Loaded shared library C:\Program Files\Java\jdk-21\bin\java.dll

Deoptimization events (0 events):
No events

Classes loaded (0 events):
No events

Classes unloaded (0 events):
No events

Classes redefined (0 events):
No events

Internal exceptions (0 events):
No events

ZGC Phase Switch (0 events):
No events

VM Operations (0 events):
No events

Events (0 events):
No events


Dynamic libraries:
0x00007ff7933a0000 - 0x00007ff7933b0000 	C:\Program Files\Java\jdk-21\bin\java.exe
0x00007ffe3c8b0000 - 0x00007ffe3ca9e000 	C:\Windows\SYSTEM32\ntdll.dll
0x00007ffe3a050000 - 0x00007ffe3a103000 	C:\Windows\System32\KERNEL32.DLL
0x00007ffe39740000 - 0x00007ffe399dd000 	C:\Windows\System32\KERNELBASE.dll
0x00007ffe39280000 - 0x00007ffe3937a000 	C:\Windows\System32\ucrtbase.dll
0x00007ffe1b870000 - 0x00007ffe1b889000 	C:\Program Files\Java\jdk-21\bin\jli.dll
0x00007ffe21c40000 - 0x00007ffe21c5b000 	C:\Program Files\Java\jdk-21\bin\VCRUNTIME140.dll
0x00007ffe39e00000 - 0x00007ffe39ea7000 	C:\Windows\System32\ADVAPI32.dll
0x00007ffe39c40000 - 0x00007ffe39cde000 	C:\Windows\System32\msvcrt.dll
0x00007ffe39ce0000 - 0x00007ffe39d7f000 	C:\Windows\System32\sechost.dll
0x00007ffe3a890000 - 0x00007ffe3a9ae000 	C:\Windows\System32\RPCRT4.dll
0x00007ffe39eb0000 - 0x00007ffe3a047000 	C:\Windows\System32\USER32.dll
0x00007ffe38930000 - 0x00007ffe38950000 	C:\Windows\System32\win32u.dll
0x00007ffe3c200000 - 0x00007ffe3c229000 	C:\Windows\System32\GDI32.dll
0x00007ffe1ed10000 - 0x00007ffe1ef89000 	C:\Windows\WinSxS\amd64_microsoft.windows.common-controls_6595b64144ccf1df_6.0.17763.5122_none_de6fbcf2534c9850\COMCTL32.dll
0x00007ffe39380000 - 0x00007ffe3952b000 	C:\Windows\System32\gdi32full.dll
0x00007ffe3bed0000 - 0x00007ffe3c1fb000 	C:\Windows\System32\combase.dll
0x00007ffe39a40000 - 0x00007ffe39ae0000 	C:\Windows\System32\msvcp_win.dll
0x00007ffe38950000 - 0x00007ffe389d2000 	C:\Windows\System32\bcryptPrimitives.dll
0x00007ffe30260000 - 0x00007ffe3026a000 	C:\Windows\SYSTEM32\VERSION.dll
0x00007ffe3a860000 - 0x00007ffe3a88e000 	C:\Windows\System32\IMM32.DLL
0x00007ffe30c00000 - 0x00007ffe30c0c000 	C:\Program Files\Java\jdk-21\bin\vcruntime140_1.dll
0x00007ffe1de60000 - 0x00007ffe1deee000 	C:\Program Files\Java\jdk-21\bin\msvcp140.dll
0x00007ffdfd4b0000 - 0x00007ffdfe1c5000 	C:\Program Files\Java\jdk-21\bin\server\jvm.dll
0x00007ffe388a0000 - 0x00007ffe388fd000 	C:\Windows\System32\POWRPROF.dll
0x00007ffe3a7f0000 - 0x00007ffe3a85d000 	C:\Windows\System32\WS2_32.dll
0x00007ffe35f30000 - 0x00007ffe35f54000 	C:\Windows\SYSTEM32\WINMM.dll
0x00007ffe35eb0000 - 0x00007ffe35edd000 	C:\Windows\SYSTEM32\WINMMBASE.dll
0x00007ffe39210000 - 0x00007ffe3925a000 	C:\Windows\System32\cfgmgr32.dll
0x00007ffe38860000 - 0x00007ffe38871000 	C:\Windows\System32\kernel.appcore.dll
0x00007ffe30b20000 - 0x00007ffe30b2a000 	C:\Program Files\Java\jdk-21\bin\jimage.dll
0x00007ffe37160000 - 0x00007ffe3734d000 	C:\Windows\SYSTEM32\DBGHELP.DLL
0x00007ffe23f90000 - 0x00007ffe23fba000 	C:\Windows\SYSTEM32\dbgcore.DLL
0x00007ffe21c20000 - 0x00007ffe21c3f000 	C:\Program Files\Java\jdk-21\bin\java.dll

dbghelp: loaded successfully - version: 4.0.5 - missing functions: none
symbol engine: initialized successfully - sym options: 0x614 - pdb path: .;C:\Program Files\Java\jdk-21\bin;C:\Windows\SYSTEM32;C:\Windows\WinSxS\amd64_microsoft.windows.common-controls_6595b64144ccf1df_6.0.17763.5122_none_de6fbcf2534c9850;C:\Program Files\Java\jdk-21\bin\server

VM Arguments:
java_command: CK1.view
java_class_path (initial): C:\Users\Administrator\Documents\NetBeansProjects\Le-Cong-Huy\target\classes
Launcher Type: SUN_STANDARD

[Global flags]
     intx CICompilerCount                          = 3                                         {product} {ergonomic}
     uint ConcGCThreads                            = 1                                         {product} {ergonomic}
     uint G1ConcRefinementThreads                  = 4                                         {product} {ergonomic}
   size_t G1HeapRegionSize                         = 1048576                                   {product} {ergonomic}
    uintx GCDrainStackTargetSize                   = 64                                        {product} {ergonomic}
   size_t InitialHeapSize                          = 132120576                                 {product} {ergonomic}
   size_t MarkStackSize                            = 4194304                                   {product} {ergonomic}
   size_t MaxHeapSize                              = 2113929216                                {product} {ergonomic}
   size_t MinHeapDeltaBytes                        = 1048576                                   {product} {ergonomic}
   size_t MinHeapSize                              = 8388608                                   {product} {ergonomic}
    uintx NonNMethodCodeHeapSize                   = 5832780                                {pd product} {ergonomic}
    uintx NonProfiledCodeHeapSize                  = 122912730                              {pd product} {ergonomic}
    uintx ProfiledCodeHeapSize                     = 122912730                              {pd product} {ergonomic}
    uintx ReservedCodeCacheSize                    = 251658240                              {pd product} {ergonomic}
     bool SegmentedCodeCache                       = true                                      {product} {ergonomic}
   size_t SoftMaxHeapSize                          = 2113929216                             {manageable} {ergonomic}
     bool UseCompressedOops                        = true                           {product lp64_product} {ergonomic}
     bool UseG1GC                                  = true                                      {product} {ergonomic}
     bool UseLargePagesIndividualAllocation        = false                                  {pd product} {ergonomic}

Logging:
Log output configuration:
 #0: stdout all=warning uptime,level,tags foldmultilines=false
 #1: stderr all=off uptime,level,tags foldmultilines=false

Environment Variables:
JAVA_HOME=C:\Program Files\Java\jdk-21
PATH=C:\Program Files\Common Files\Oracle\Java\javapath;C:\Windows\system32;C:\Windows;C:\Windows\System32\Wbem;C:\Windows\System32\WindowsPowerShell\v1.0\;C:\Windows\System32\OpenSSH\;C:\Program Files (x86)\Microsoft SQL Server\160\Tools\Binn\;C:\Program Files\Microsoft SQL Server\160\Tools\Binn\;C:\Program Files\Microsoft SQL Server\Client SDK\ODBC\170\Tools\Binn\;C:\Program Files\Microsoft SQL Server\160\DTS\Binn\;C:\MinGW\bin;C:\Program Files (x86)\Microsoft SQL Server\160\DTS\Binn\;C:\Program Files\Azure Data Studio\bin;C:\Program Files\Java\jdk-21\bin;C:\Program Files\dotnet\;C:\Program Files\MySQL\MySQL Shell 8.0\bin\;C:\Users\Administrator\AppData\Local\Programs\Microsoft VS Code\bin
USERNAME=Administrator
OS=Windows_NT
PROCESSOR_IDENTIFIER=Intel64 Family 6 Model 142 Stepping 9, GenuineIntel
TMP=C:\Users\ADMINI~1\AppData\Local\Temp
TEMP=C:\Users\ADMINI~1\AppData\Local\Temp




Periodic native trim disabled

---------------  S Y S T E M  ---------------

OS:
 Windows 10 , 64 bit Build 17763 (10.0.17763.4974)
OS uptime: 0 days 5:08 hours

CPU: total 4 (initial active 4) (2 cores per cpu, 2 threads per core) family 6 model 142 stepping 9 microcode 0xec, cx8, cmov, fxsr, ht, mmx, 3dnowpref, sse, sse2, sse3, ssse3, sse4.1, sse4.2, popcnt, lzcnt, tsc, tscinvbit, avx, avx2, aes, erms, clmul, bmi1, bmi2, adx, fma, vzeroupper, clflush, clflushopt, rdtscp, f16c
Processor Information for all 4 processors :
  Max Mhz: 2701, Current Mhz: 2701, Mhz Limit: 2701

Memory: 4k page, system-wide physical 8057M (1935M free)
TotalPageFile size 8057M (AvailPageFile size 89M)
current process WorkingSet (physical memory assigned to process): 10M, peak: 10M
current process commit charge ("private bytes"): 52M, peak: 177M

vm_info: Java HotSpot(TM) 64-Bit Server VM (21.0.1+12-LTS-29) for windows-amd64 JRE (21.0.1+12-LTS-29), built on 2023-10-05T13:27:09Z by "mach5one" with MS VC++ 17.1 (VS2022)

END.
